[STEP] [2023-10-10 11:46:19] Looking for PHP CLI executable file.
[WARN] [2023-10-10 11:46:19] Could not find proper PHP CLI executable, this process may be unstable.
[WARN] [2023-10-10 11:46:19] PHP CLI file cannot be executed due to unknown reason.
[STEP] [2023-10-10 11:46:19] Initializing backup...
[INFO] [2023-10-10 11:46:19] Backup & Migration version: 1.3.3
[INFO] [2023-10-10 11:46:19] Site which will be backed up: http://localhost/aciana
[INFO] [2023-10-10 11:46:19] PHP Version: 8.0.26
[INFO] [2023-10-10 11:46:19] WP Version: 6.3.1
[INFO] [2023-10-10 11:46:19] MySQL Version: 8.0.31
[INFO] [2023-10-10 11:46:19] MySQL Max Length: 67108864
[INFO] [2023-10-10 11:46:19] Web server: Apache/2.4.54 (Win64) PHP/8.0.26 mod_fcgid/2.3.10-dev
[INFO] [2023-10-10 11:46:19] Max execution time (in seconds): 120
[INFO] [2023-10-10 11:46:19] Memory limit (server): 128M
[INFO] [2023-10-10 11:46:19] Memory limit (wp-config): 40M
[INFO] [2023-10-10 11:46:19] Memory limit (wp-config admin): 256M
[INFO] [2023-10-10 11:46:19] Max rows per query (this site): 2000
[INFO] [2023-10-10 11:46:19] Checking if backup dir is writable...
[INFO] [2023-10-10 11:46:19] Initializing custom error handler
[SUCCESS] [2023-10-10 11:46:19] Yup it is writable...
[STEP] [2023-10-10 11:46:19] Scanning files...
[WARN] [2023-10-10 11:46:29] Removing file from backup (due to exclude rules): C:\wamp64\www\aciana\wp-content\uploads\wp-migrate-db\aciana-migrate-20230901115858-jhdn9.sql.gz
[STEP] [2023-10-10 11:46:29] Checking free space, reserving...
[INFO] [2023-10-10 11:46:29] Requires at least 303856733 bytes. [289.78 MB]
[INFO] [2023-10-10 11:46:29] Disk free space function is not disabled - using it...
[INFO] [2023-10-10 11:46:29] Checking this path/partition: C:\wamp64\www\aciana\wp-content\backup-migration\backups
[SUCCESS] [2023-10-10 11:46:29] There is 99,395.36 MB free. [97.07 GB]
[SUCCESS] [2023-10-10 11:46:29] Great! We have enough space.
[SUCCESS] [2023-10-10 11:46:29] Confirmed, there is more than enough space, checked: 303856733 bytes
[INFO] [2023-10-10 11:46:29] Scanning done - found 11912 files...
[SUCCESS] [2023-10-10 11:46:29] Backup initialized...
[STEP] [2023-10-10 11:46:29] Initializing archiving system...
[SUCCESS] [2023-10-10 11:46:29] Archive system initialized...
[STEP] [2023-10-10 11:46:29] Preparing map of files...
[SUCCESS] [2023-10-10 11:46:29] Files prepared.
[INFO] [2023-10-10 11:46:29] Starting compression process...
[STEP] [2023-10-10 11:46:29] Smart memory calculation...
[INFO] [2023-10-10 11:46:29] There is 384 MBs of memory to use
[INFO] [2023-10-10 11:46:29] WordPress memory limit: 256 MBs
[SUCCESS] [2023-10-10 11:46:29] Setting the safe limit to 86 MB
[INFO] [2023-10-10 11:46:29] Using PclZip module to create the backup
[INFO] [2023-10-10 11:46:29] Legacy setting: Using default modules depending on user server
[STEP] [2023-10-10 11:46:29] Making database backup (using v3 engine, requires at least v1.2.2 to restore)
[INFO] [2023-10-10 11:46:29] Iterating database...
[INFO] [2023-10-10 11:46:29] Memory usage after initialization: 20.48 MB
[VERBOSE] [2023-10-10 11:46:29] Exporting database via zip.php
[INFO] [2023-10-10 11:46:29] Scan found 65 tables (11538 rows), estimated total size: 21.42 MB.
[INFO] [2023-10-10 11:46:29] Memory usage after getting table names: 20.51 MB 
[INFO] [2023-10-10 11:46:29] Getting table recipes...
[INFO] [2023-10-10 11:46:29] Table recipes have been exported.
[INFO] [2023-10-10 11:46:29] Memory usage after loading recipes: 20.56 MB 
[INFO] [2023-10-10 11:46:29] Saving recipes...
[INFO] [2023-10-10 11:46:29] Recipes saved.
[INFO] [2023-10-10 11:46:29] Memory usage after recipe off-load: 20.53 MB
[INFO] [2023-10-10 11:46:29] Exporting table data...
[STEP] [2023-10-10 11:46:29] Getting data of table: _mig_queue_failures (1/65, 0.00 MB)
[INFO] [2023-10-10 11:46:29] Table _mig_queue_failures is empty, saving only recipe.
[STEP] [2023-10-10 11:46:29] Getting data of table: _mig_queue_jobs (2/65, 0.00 MB)
[INFO] [2023-10-10 11:46:29] Table _mig_queue_jobs is empty, saving only recipe.
[STEP] [2023-10-10 11:46:29] Getting data of table: wp_commentmeta (3/65, 0.05 MB)
[INFO] [2023-10-10 11:46:29] Table wp_commentmeta is empty, saving only recipe.
[STEP] [2023-10-10 11:46:29] Getting data of table: wp_comments (4/65, 0.09 MB)
[INFO] [2023-10-10 11:46:29] Table wp_comments is empty, saving only recipe.
[STEP] [2023-10-10 11:46:29] Getting data of table: wp_duplicator_packages (5/65, 0.02 MB)
[SUCCESS] [2023-10-10 11:46:29] Table export for: wp_duplicator_packages finished (0.00356s)
[STEP] [2023-10-10 11:46:29] Getting data of table: wp_gf_draft_submissions (6/65, 0.03 MB)
[INFO] [2023-10-10 11:46:29] Table wp_gf_draft_submissions is empty, saving only recipe.
[STEP] [2023-10-10 11:46:29] Getting data of table: wp_gf_entry (7/65, 0.30 MB)
[SUCCESS] [2023-10-10 11:46:31] Table export for: wp_gf_entry finished (2.13323s)
[STEP] [2023-10-10 11:46:31] Getting data of table: wp_gf_entry_meta (8/65, 2.06 MB)
[SUCCESS] [2023-10-10 11:46:34] Table export for: wp_gf_entry_meta finished (2.88532s)
[STEP] [2023-10-10 11:46:34] Getting data of table: wp_gf_entry_notes (9/65, 0.13 MB)
[SUCCESS] [2023-10-10 11:46:34] Table export for: wp_gf_entry_notes finished (0.50688s)
[STEP] [2023-10-10 11:46:34] Getting data of table: wp_gf_form (10/65, 0.02 MB)
[SUCCESS] [2023-10-10 11:46:34] Table export for: wp_gf_form finished (0.02492s)
[STEP] [2023-10-10 11:46:34] Getting data of table: wp_gf_form_meta (11/65, 0.02 MB)
[SUCCESS] [2023-10-10 11:46:34] Table export for: wp_gf_form_meta finished (0.00741s)
[STEP] [2023-10-10 11:46:34] Getting data of table: wp_gf_form_revisions (12/65, 0.05 MB)
[INFO] [2023-10-10 11:46:34] Table wp_gf_form_revisions is empty, saving only recipe.
[STEP] [2023-10-10 11:46:34] Getting data of table: wp_gf_form_view (13/65, 0.36 MB)
[SUCCESS] [2023-10-10 11:46:37] Table export for: wp_gf_form_view finished (2.21595s)
[STEP] [2023-10-10 11:46:37] Getting data of table: wp_gf_rest_api_keys (14/65, 0.00 MB)
[INFO] [2023-10-10 11:46:37] Table wp_gf_rest_api_keys is empty, saving only recipe.
[STEP] [2023-10-10 11:46:37] Getting data of table: wp_links (15/65, 0.03 MB)
[INFO] [2023-10-10 11:46:37] Table wp_links is empty, saving only recipe.
[STEP] [2023-10-10 11:46:37] Getting data of table: wp_nextend2_image_storage (16/65, 0.03 MB)
[INFO] [2023-10-10 11:46:37] Table wp_nextend2_image_storage is empty, saving only recipe.
[STEP] [2023-10-10 11:46:37] Getting data of table: wp_nextend2_section_storage (17/65, 0.11 MB)
[SUCCESS] [2023-10-10 11:46:37] Table export for: wp_nextend2_section_storage finished (0.01154s)
[STEP] [2023-10-10 11:46:37] Getting data of table: wp_nextend2_smartslider3_generators (18/65, 0.02 MB)
[INFO] [2023-10-10 11:46:37] Table wp_nextend2_smartslider3_generators is empty, saving only recipe.
[STEP] [2023-10-10 11:46:37] Getting data of table: wp_nextend2_smartslider3_sliders (19/65, 0.22 MB)
[SUCCESS] [2023-10-10 11:46:37] Table export for: wp_nextend2_smartslider3_sliders finished (0.01651s)
[STEP] [2023-10-10 11:46:37] Getting data of table: wp_nextend2_smartslider3_sliders_xref (20/65, 0.03 MB)
[SUCCESS] [2023-10-10 11:46:37] Table export for: wp_nextend2_smartslider3_sliders_xref finished (0.00491s)
[STEP] [2023-10-10 11:46:37] Getting data of table: wp_nextend2_smartslider3_slides (21/65, 0.52 MB)
[SUCCESS] [2023-10-10 11:46:37] Table export for: wp_nextend2_smartslider3_slides finished (0.07657s)
[STEP] [2023-10-10 11:46:37] Getting data of table: wp_nf3_action_meta (22/65, 0.02 MB)
[SUCCESS] [2023-10-10 11:46:37] Table export for: wp_nf3_action_meta finished (0.08394s)
[STEP] [2023-10-10 11:46:37] Getting data of table: wp_nf3_actions (23/65, 0.02 MB)
[SUCCESS] [2023-10-10 11:46:37] Table export for: wp_nf3_actions finished (0.00839s)
[STEP] [2023-10-10 11:46:37] Getting data of table: wp_nf3_chunks (24/65, 0.02 MB)
[INFO] [2023-10-10 11:46:37] Table wp_nf3_chunks is empty, saving only recipe.
[STEP] [2023-10-10 11:46:37] Getting data of table: wp_nf3_field_meta (25/65, 0.02 MB)
[SUCCESS] [2023-10-10 11:46:37] Table export for: wp_nf3_field_meta finished (0.05116s)
[STEP] [2023-10-10 11:46:37] Getting data of table: wp_nf3_fields (26/65, 0.02 MB)
[SUCCESS] [2023-10-10 11:46:37] Table export for: wp_nf3_fields finished (0.01279s)
[STEP] [2023-10-10 11:46:37] Getting data of table: wp_nf3_form_meta (27/65, 0.02 MB)
[SUCCESS] [2023-10-10 11:46:37] Table export for: wp_nf3_form_meta finished (0.02666s)
[STEP] [2023-10-10 11:46:37] Getting data of table: wp_nf3_forms (28/65, 0.02 MB)
[SUCCESS] [2023-10-10 11:46:37] Table export for: wp_nf3_forms finished (0.00583s)
[STEP] [2023-10-10 11:46:37] Getting data of table: wp_nf3_object_meta (29/65, 0.06 MB)
[SUCCESS] [2023-10-10 11:46:37] Table export for: wp_nf3_object_meta finished (0.29296s)
[STEP] [2023-10-10 11:46:37] Getting data of table: wp_nf3_objects (30/65, 0.02 MB)
[SUCCESS] [2023-10-10 11:46:37] Table export for: wp_nf3_objects finished (0.17570s)
[STEP] [2023-10-10 11:46:37] Getting data of table: wp_nf3_relationships (31/65, 0.02 MB)
[INFO] [2023-10-10 11:46:37] Table wp_nf3_relationships is empty, saving only recipe.
[STEP] [2023-10-10 11:46:37] Getting data of table: wp_nf3_upgrades (32/65, 0.02 MB)
[INFO] [2023-10-10 11:46:37] Table wp_nf3_upgrades is empty, saving only recipe.
[STEP] [2023-10-10 11:46:37] Getting data of table: wp_options (33/65, 4.14 MB)
[SUCCESS] [2023-10-10 11:46:38] Table export for: wp_options finished (0.68585s)
[STEP] [2023-10-10 11:46:38] Getting data of table: wp_postmeta (34/65, 6.30 MB)
[SUCCESS] [2023-10-10 11:46:39] Table export for: wp_postmeta finished (1.23108s)
[STEP] [2023-10-10 11:46:39] Getting data of table: wp_posts (35/65, 5.23 MB)
[SUCCESS] [2023-10-10 11:46:40] Table export for: wp_posts finished (1.05409s)
[STEP] [2023-10-10 11:46:40] Getting data of table: wp_term_relationships (36/65, 0.03 MB)
[SUCCESS] [2023-10-10 11:46:40] Table export for: wp_term_relationships finished (0.03212s)
[STEP] [2023-10-10 11:46:40] Getting data of table: wp_term_taxonomy (37/65, 0.05 MB)
[SUCCESS] [2023-10-10 11:46:40] Table export for: wp_term_taxonomy finished (0.00446s)
[STEP] [2023-10-10 11:46:40] Getting data of table: wp_termmeta (38/65, 0.05 MB)
[INFO] [2023-10-10 11:46:40] Table wp_termmeta is empty, saving only recipe.
[STEP] [2023-10-10 11:46:40] Getting data of table: wp_terms (39/65, 0.05 MB)
[SUCCESS] [2023-10-10 11:46:41] Table export for: wp_terms finished (0.00416s)
[STEP] [2023-10-10 11:46:41] Getting data of table: wp_tm_taskmeta (40/65, 0.00 MB)
[INFO] [2023-10-10 11:46:41] Table wp_tm_taskmeta is empty, saving only recipe.
[STEP] [2023-10-10 11:46:41] Getting data of table: wp_tm_tasks (41/65, 0.00 MB)
[INFO] [2023-10-10 11:46:41] Table wp_tm_tasks is empty, saving only recipe.
[STEP] [2023-10-10 11:46:41] Getting data of table: wp_usermeta (42/65, 0.09 MB)
[SUCCESS] [2023-10-10 11:46:41] Table export for: wp_usermeta finished (0.08644s)
[STEP] [2023-10-10 11:46:41] Getting data of table: wp_users (43/65, 0.06 MB)
[SUCCESS] [2023-10-10 11:46:41] Table export for: wp_users finished (0.00763s)
[STEP] [2023-10-10 11:46:41] Getting data of table: wp_wc_download_log (44/65, 0.05 MB)
[INFO] [2023-10-10 11:46:41] Table wp_wc_download_log is empty, saving only recipe.
[STEP] [2023-10-10 11:46:41] Getting data of table: wp_wc_webhooks (45/65, 0.03 MB)
[INFO] [2023-10-10 11:46:41] Table wp_wc_webhooks is empty, saving only recipe.
[STEP] [2023-10-10 11:46:41] Getting data of table: wp_woocommerce_api_keys (46/65, 0.05 MB)
[INFO] [2023-10-10 11:46:41] Table wp_woocommerce_api_keys is empty, saving only recipe.
[STEP] [2023-10-10 11:46:41] Getting data of table: wp_woocommerce_attribute_taxonomies (47/65, 0.03 MB)
[INFO] [2023-10-10 11:46:41] Table wp_woocommerce_attribute_taxonomies is empty, saving only recipe.
[STEP] [2023-10-10 11:46:41] Getting data of table: wp_woocommerce_downloadable_product_permissions (48/65, 0.06 MB)
[INFO] [2023-10-10 11:46:41] Table wp_woocommerce_downloadable_product_permissions is empty, saving only recipe.
[STEP] [2023-10-10 11:46:41] Getting data of table: wp_woocommerce_log (49/65, 0.03 MB)
[INFO] [2023-10-10 11:46:41] Table wp_woocommerce_log is empty, saving only recipe.
[STEP] [2023-10-10 11:46:41] Getting data of table: wp_woocommerce_order_itemmeta (50/65, 0.05 MB)
[INFO] [2023-10-10 11:46:41] Table wp_woocommerce_order_itemmeta is empty, saving only recipe.
[STEP] [2023-10-10 11:46:41] Getting data of table: wp_woocommerce_order_items (51/65, 0.03 MB)
[INFO] [2023-10-10 11:46:41] Table wp_woocommerce_order_items is empty, saving only recipe.
[STEP] [2023-10-10 11:46:41] Getting data of table: wp_woocommerce_payment_tokenmeta (52/65, 0.05 MB)
[INFO] [2023-10-10 11:46:41] Table wp_woocommerce_payment_tokenmeta is empty, saving only recipe.
[STEP] [2023-10-10 11:46:41] Getting data of table: wp_woocommerce_payment_tokens (53/65, 0.03 MB)
[INFO] [2023-10-10 11:46:41] Table wp_woocommerce_payment_tokens is empty, saving only recipe.
[STEP] [2023-10-10 11:46:41] Getting data of table: wp_woocommerce_sessions (54/65, 0.03 MB)
[INFO] [2023-10-10 11:46:41] Table wp_woocommerce_sessions is empty, saving only recipe.
[STEP] [2023-10-10 11:46:41] Getting data of table: wp_woocommerce_shipping_zone_locations (55/65, 0.05 MB)
[INFO] [2023-10-10 11:46:41] Table wp_woocommerce_shipping_zone_locations is empty, saving only recipe.
[STEP] [2023-10-10 11:46:41] Getting data of table: wp_woocommerce_shipping_zone_methods (56/65, 0.02 MB)
[INFO] [2023-10-10 11:46:41] Table wp_woocommerce_shipping_zone_methods is empty, saving only recipe.
[STEP] [2023-10-10 11:46:41] Getting data of table: wp_woocommerce_shipping_zones (57/65, 0.02 MB)
[INFO] [2023-10-10 11:46:41] Table wp_woocommerce_shipping_zones is empty, saving only recipe.
[STEP] [2023-10-10 11:46:41] Getting data of table: wp_woocommerce_tax_rate_locations (58/65, 0.05 MB)
[INFO] [2023-10-10 11:46:41] Table wp_woocommerce_tax_rate_locations is empty, saving only recipe.
[STEP] [2023-10-10 11:46:41] Getting data of table: wp_woocommerce_tax_rates (59/65, 0.08 MB)
[INFO] [2023-10-10 11:46:41] Table wp_woocommerce_tax_rates is empty, saving only recipe.
[STEP] [2023-10-10 11:46:41] Getting data of table: wp_yoast_indexable (60/65, 0.14 MB)
[SUCCESS] [2023-10-10 11:46:41] Table export for: wp_yoast_indexable finished (0.24125s)
[STEP] [2023-10-10 11:46:41] Getting data of table: wp_yoast_indexable_hierarchy (61/65, 0.06 MB)
[SUCCESS] [2023-10-10 11:46:41] Table export for: wp_yoast_indexable_hierarchy finished (0.01609s)
[STEP] [2023-10-10 11:46:41] Getting data of table: wp_yoast_migrations (62/65, 0.03 MB)
[SUCCESS] [2023-10-10 11:46:41] Table export for: wp_yoast_migrations finished (0.02926s)
[STEP] [2023-10-10 11:46:41] Getting data of table: wp_yoast_primary_term (63/65, 0.05 MB)
[SUCCESS] [2023-10-10 11:46:41] Table export for: wp_yoast_primary_term finished (0.00430s)
[STEP] [2023-10-10 11:46:41] Getting data of table: wp_yoast_seo_links (64/65, 0.11 MB)
[SUCCESS] [2023-10-10 11:46:41] Table export for: wp_yoast_seo_links finished (0.57251s)
[STEP] [2023-10-10 11:46:41] Getting data of table: wp_yoast_seo_meta (65/65, 0.02 MB)
[SUCCESS] [2023-10-10 11:46:42] Table export for: wp_yoast_seo_meta finished (0.01973s)
[INFO] [2023-10-10 11:46:42] Table data exported.
[INFO] [2023-10-10 11:46:42] Memory usage after data export: 20.57 MB
[INFO] [2023-10-10 11:46:42] Entire process took: 12.9175 s
[SUCCESS] [2023-10-10 11:46:42] Database backup finished
[STEP] [2023-10-10 11:46:42] Making archive
[INFO] [2023-10-10 11:46:42] Compressing...
[WARN] [2023-10-10 11:46:42] Backup will run as single-request, may be unstable...
[STEP] [2023-10-10 11:46:42] Adding database SQL file(s) to the backup file.
[VERBOSE] [2023-10-10 11:46:42] Database files in total found: 65
[SUCCESS] [2023-10-10 11:46:42] Database added to the backup successfully.
[STEP] [2023-10-10 11:46:42] Performing site files backup...
[INFO] [2023-10-10 11:46:42] Chunks contain 1000 files.
[INFO] [2023-10-10 11:46:47] Milestone: 1000/11912
[INFO] [2023-10-10 11:46:51] Milestone: 2000/11912
[INFO] [2023-10-10 11:46:54] Milestone: 3000/11912
[INFO] [2023-10-10 11:46:58] Milestone: 4000/11912
[INFO] [2023-10-10 11:47:02] Milestone: 5000/11912
[INFO] [2023-10-10 11:47:05] Milestone: 6000/11912
[INFO] [2023-10-10 11:47:08] Milestone: 7000/11912
[INFO] [2023-10-10 11:47:11] Milestone: 8000/11912
[INFO] [2023-10-10 11:47:14] Milestone: 9000/11912
[INFO] [2023-10-10 11:47:17] Milestone: 10000/11912
[INFO] [2023-10-10 11:47:19] Milestone: 11000/11912
[INFO] [2023-10-10 11:47:25] Milestone: 11912/11912
[SUCCESS] [2023-10-10 11:47:25] Compressed 11912 files
[INFO] [2023-10-10 11:47:25] Archiving of 11912 files took: 56.60s
[STEP] [2023-10-10 11:47:25] Finalizing backup
[INFO] [2023-10-10 11:47:25] Generating manifest file and saving current live-log...
[INFO] [2023-10-10 11:47:26] Adding manifest...
[SUCCESS] [2023-10-10 11:47:27] Manifest file and logs added to the backup. Temporary files removed.
[STEP] [2023-10-10 11:47:27] Closing files and archives
[SUCCESS] [2023-10-10 11:47:27] Cleanup finished, backup complete.
[SUCCESS] [2023-10-10 11:47:27] New backup created and its name is: BM_Backup_2023-10-10_11_46_19_MOF3bTgcdaL4w9A5.zip
[END-CODE] [2023-10-10 11:47:27] #001
